<?xml version="1.0" encoding="UTF-8"?>
<!-- Generated by org.testng.reporters.JUnitReportReporter -->
<testsuite hostname="DESKTOP-0RPOSRV" failures="0" tests="3" name="marketing.ParkTest" time="0.018" errors="0" timestamp="2022-03-22T23:00:55 IST" skipped="0">
  <testcase classname="marketing.ParkTest" name="playarea" time="0.002"/>
  <system-out/>
  <testcase classname="marketing.ParkTest" name="entry" time="0.015"/>
  <system-out/>
  <testcase classname="marketing.ParkTest" name="flowers" time="0.001"/>
  <system-out/>
</testsuite> <!-- marketing.ParkTest -->
