<?xml version="1.0" encoding="UTF-8"?>
<!-- Generated by org.testng.reporters.JUnitReportReporter -->
<testsuite hostname="DESKTOP-0RPOSRV" failures="0" tests="2" name="marketing.PlantTest" time="0.015" errors="0" timestamp="2022-03-22T19:22:18 IST" skipped="0">
  <testcase classname="marketing.PlantTest" name="grow2" time="0.002"/>
  <system-out/>
  <testcase classname="marketing.PlantTest" name="grow" time="0.013"/>
  <system-out/>
</testsuite> <!-- marketing.PlantTest -->
