<?xml version="1.0" encoding="UTF-8"?>
<!-- Generated by org.testng.reporters.JUnitReportReporter -->
<testsuite hostname="DESKTOP-0RPOSRV" failures="0" tests="3" name="marketing.TreeTest" time="0.018" errors="0" timestamp="2022-03-22T19:22:29 IST" skipped="0">
  <testcase classname="marketing.TreeTest" name="stem" time="0.001"/>
  <system-out/>
  <testcase classname="marketing.TreeTest" name="branches" time="0.016"/>
  <system-out/>
  <testcase classname="marketing.TreeTest" name="root" time="0.001"/>
  <system-out/>
</testsuite> <!-- marketing.TreeTest -->
