<?xml version="1.0" encoding="UTF-8"?>
<!-- Generated by org.testng.reporters.JUnitReportReporter -->
<testsuite hostname="DESKTOP-0RPOSRV" failures="0" tests="1" name="marketing.LoginpageTest" time="12.981" errors="0" timestamp="2022-03-23T13:30:51 IST" skipped="0">
  <testcase classname="marketing.LoginpageTest" name="vtiger" time="12.981"/>
  <system-out/>
</testsuite> <!-- marketing.LoginpageTest -->
